app/build/outputs/logs/manifest-merger-debug-report.txt
-- Merging decision tree log ---
manifest
ADDED from src/main/AndroidManifest.xml:2:1-50:12
	package
		ADDED from src/main/AndroidManifest.xml:3:5-52
		INJECTED from src/main/AndroidManifest.xml
		INJECTED from src/main/AndroidManifest.xml
	android:versionName
		ADDED from src/main/AndroidManifest.xml:5:5-30
		INJECTED from src/main/AndroidManifest.xml
		INJECTED from src/main/AndroidManifest.xml
	android:versionCode
		ADDED from src/main/AndroidManifest.xml:4:5-28
		INJECTED from src/main/AndroidManifest.xml
		INJECTED from src/main/AndroidManifest.xml
	xmlns:android
		ADDED from src/main/AndroidManifest.xml:2:11-69
uses-sdk
ADDED from src/main/AndroidManifest.xml:8:5-10:41
MERGED from [com.mcxiaoke.volley:library-aar:1.0.0] AndroidManifest.xml:3:5-72
MERGED from [com.android.support.constraint:constraint-layout:1.0.2] AndroidManifest.xml:5:5-7:41
MERGED from [de.hdodenhof:circleimageview:2.1.0] AndroidManifest.xml:5:5-7:41
MERGED from [com.nbsp:library:1.09] AndroidManifest.xml:7:5-9:41
MERGED from [com.android.support:design:24.2.1] AndroidManifest.xml:20:5-43
MERGED from [com.android.support:appcompat-v7:24.2.1] AndroidManifest.xml:21:5-23:78
MERGED from [com.android.support:support-v4:24.2.1] AndroidManifest.xml:21:5-23:54
MERGED from [com.android.support:support-fragment:24.2.1] AndroidManifest.xml:21:5-23:60
MERGED from [com.android.support:support-media-compat:24.2.1] AndroidManifest.xml:21:5-23:63
MERGED from [com.android.support:support-core-utils:24.2.1] AndroidManifest.xml:21:5-23:61
MERGED from [com.android.support:animated-vector-drawable:24.2.1] AndroidManifest.xml:20:5-44
MERGED from [com.android.support:support-vector-drawable:24.2.1] AndroidManifest.xml:21:5-43
MERGED from [com.android.support:recyclerview-v7:24.2.1] AndroidManifest.xml:20:5-43
MERGED from [com.android.support:support-core-ui:24.2.1] AndroidManifest.xml:21:5-23:58
MERGED from [com.android.support:support-compat:24.2.1] AndroidManifest.xml:21:5-23:58
	tools:overrideLibrary
		ADDED from [com.android.support:appcompat-v7:24.2.1] AndroidManifest.xml:23:9-75
	android:targetSdkVersion
		ADDED from src/main/AndroidManifest.xml:10:9-38
		INJECTED from src/main/AndroidManifest.xml
		INJECTED from src/main/AndroidManifest.xml
	android:minSdkVersion
		ADDED from src/main/AndroidManifest.xml:9:9-34
		INJECTED from src/main/AndroidManifest.xml
		INJECTED from src/main/AndroidManifest.xml
uses-permission#android.permission.INTERNET
ADDED from src/main/AndroidManifest.xml:12:5-67
	android:name
		ADDED from src/main/AndroidManifest.xml:12:22-64
uses-feature#android.hardware.camera2
ADDED from src/main/AndroidManifest.xml:13:5-100
	android:required
		ADDED from src/main/AndroidManifest.xml:13:59-84
	android:name
		ADDED from src/main/AndroidManifest.xml:13:19-58
uses-permission#android.permission.CAMERA
ADDED from src/main/AndroidManifest.xml:14:5-81
	android:name
		ADDED from src/main/AndroidManifest.xml:14:22-62
uses-permission#android.permission.READ_EXTERNAL_STORAGE
ADDED from src/main/AndroidManifest.xml:15:5-96
MERGED from [com.nbsp:library:1.09] AndroidManifest.xml:11:5-80
	android:name
		ADDED from src/main/AndroidManifest.xml:15:22-77
uses-permission#android.permission.WRITE_EXTERNAL_STORAGE
ADDED from src/main/AndroidManifest.xml:17:5-97
	android:name
		ADDED from src/main/AndroidManifest.xml:17:22-78
uses-permission#android.permission.ACCESS_NETWORK_STATE
ADDED from src/main/AndroidManifest.xml:18:5-95
	android:name
		ADDED from src/main/AndroidManifest.xml:18:22-76
uses-permission#android.permission.READ_PHONE_STATE
ADDED from src/main/AndroidManifest.xml:19:5-91
	android:name
		ADDED from src/main/AndroidManifest.xml:19:22-72
application
ADDED from src/main/AndroidManifest.xml:22:5-48:19
MERGED from [com.mcxiaoke.volley:library-aar:1.0.0] AndroidManifest.xml:5:5-19
MERGED from [com.android.support.constraint:constraint-layout:1.0.2] AndroidManifest.xml:9:5-20
MERGED from [de.hdodenhof:circleimageview:2.1.0] AndroidManifest.xml:9:5-20
MERGED from [com.nbsp:library:1.09] AndroidManifest.xml:13:5-20:19
MERGED from [com.android.support:design:24.2.1] AndroidManifest.xml:22:5-20
MERGED from [com.android.support:appcompat-v7:24.2.1] AndroidManifest.xml:25:5-20
MERGED from [com.android.support:support-v4:24.2.1] AndroidManifest.xml:25:5-20
MERGED from [com.android.support:support-fragment:24.2.1] AndroidManifest.xml:25:5-20
MERGED from [com.android.support:support-media-compat:24.2.1] AndroidManifest.xml:25:5-20
MERGED from [com.android.support:support-core-utils:24.2.1] AndroidManifest.xml:25:5-20
MERGED from [com.android.support:animated-vector-drawable:24.2.1] AndroidManifest.xml:22:5-20
MERGED from [com.android.support:support-vector-drawable:24.2.1] AndroidManifest.xml:23:5-20
MERGED from [com.android.support:support-core-ui:24.2.1] AndroidManifest.xml:25:5-20
MERGED from [com.android.support:support-compat:24.2.1] AndroidManifest.xml:25:5-20
	android:label
		ADDED from src/main/AndroidManifest.xml:26:9-41
	android:supportsRtl
		ADDED from [com.nbsp:library:1.09] AndroidManifest.xml:15:9-35
	android:allowBackup
		ADDED from src/main/AndroidManifest.xml:24:9-35
	android:icon
		ADDED from src/main/AndroidManifest.xml:25:9-45
	android:theme
		ADDED from src/main/AndroidManifest.xml:27:9-40
	android:name
		ADDED from src/main/AndroidManifest.xml:23:9-61
activity#com.krintos.krintos.activity.LoginActivity
ADDED from src/main/AndroidManifest.xml:28:9-38:20
	android:label
		ADDED from src/main/AndroidManifest.xml:30:13-45
	android:launchMode
		ADDED from src/main/AndroidManifest.xml:31:13-43
	android:windowSoftInputMode
		ADDED from src/main/AndroidManifest.xml:32:13-52
	android:name
		ADDED from src/main/AndroidManifest.xml:29:13-70
intent-filter#android.intent.action.MAIN+android.intent.category.LAUNCHER
ADDED from src/main/AndroidManifest.xml:33:13-37:29
action#android.intent.action.MAIN
ADDED from src/main/AndroidManifest.xml:34:17-69
	android:name
		ADDED from src/main/AndroidManifest.xml:34:25-66
category#android.intent.category.LAUNCHER
ADDED from src/main/AndroidManifest.xml:36:17-77
	android:name
		ADDED from src/main/AndroidManifest.xml:36:27-74
activity#com.krintos.krintos.activity.RegisterActivity
ADDED from src/main/AndroidManifest.xml:39:9-43:55
	android:label
		ADDED from src/main/AndroidManifest.xml:41:13-45
	android:launchMode
		ADDED from src/main/AndroidManifest.xml:42:13-43
	android:windowSoftInputMode
		ADDED from src/main/AndroidManifest.xml:43:13-52
	android:name
		ADDED from src/main/AndroidManifest.xml:40:13-73
activity#com.krintos.krintos.activity.MainActivity
ADDED from src/main/AndroidManifest.xml:44:9-47:46
	android:label
		ADDED from src/main/AndroidManifest.xml:46:13-45
	android:launchMode
		ADDED from src/main/AndroidManifest.xml:47:13-43
	android:name
		ADDED from src/main/AndroidManifest.xml:45:13-69
activity#com.nbsp.materialfilepicker.ui.FilePickerActivity
ADDED from [com.nbsp:library:1.09] AndroidManifest.xml:16:9-19:20
	android:theme
		ADDED from [com.nbsp:library:1.09] AndroidManifest.xml:18:13-49
	android:name
		ADDED from [com.nbsp:library:1.09] AndroidManifest.xml:17:13-77